<?xml version="1.0" encoding="UTF-8"?>
<!-- Generated by org.testng.reporters.JUnitXMLReporter -->
<testsuite ignored="0" hostname="DESKTOP-KIRAN" failures="0" tests="6" name="Default test" time="0.173" errors="0" timestamp="2020-09-21T16:22:02 BST">
  <testcase classname="MavenProject.seleniumTest" name="uielement" time="0.015"/>
  <testcase classname="MavenProject.seleniumTest" name="uiobject" time="0.0"/>
  <testcase classname="MavenProject.selenium2Test" name="uielement2" time="0.0"/>
  <testcase classname="MavenProject.selenium2Test" name="uiobject2" time="0.016"/>
  <testcase classname="MavenProject.selenium1Test" name="uielement1" time="0.0"/>
  <testcase classname="MavenProject.selenium1Test" name="uiobject1" time="0.0"/>
</testsuite> <!-- Default test -->
