<?xml version="1.0" encoding="UTF-8"?>
<!-- Generated by org.testng.reporters.JUnitXMLReporter -->
<testsuite ignored="0" hostname="DESKTOP-KIRAN" failures="0" tests="6" name="Command line test" time="0.091" errors="0" timestamp="2020-09-18T22:23:45 BST">
  <testcase classname="MavenProject.selenium1Test" name="uielement1" time="0.009"/>
  <testcase classname="MavenProject.selenium1Test" name="uiobject1" time="0.0"/>
  <testcase classname="MavenProject.selenium2Test" name="uielement2" time="0.0"/>
  <testcase classname="MavenProject.selenium2Test" name="uiobject2" time="0.0"/>
  <testcase classname="MavenProject.seleniumTest" name="uielement" time="0.0"/>
  <testcase classname="MavenProject.seleniumTest" name="uiobject" time="0.001"/>
</testsuite> <!-- Command line test -->
