<?xml version="1.0" encoding="UTF-8" ?>
<testsuite tests="6" failures="0" name="TestSuite" time="0.017" errors="0" skipped="0">
  <properties>
[...]
</properties>
  <testcase classname="MavenProject.selenium1Test" name="uielement1" time="0.014"/>
  <testcase classname="MavenProject.selenium1Test" name="uiobject1" time="0"/>
  <testcase classname="MavenProject.selenium2Test" name="uielement2" time="0"/>
  <testcase classname="MavenProject.selenium2Test" name="uiobject2" time="0.001"/>
  <testcase classname="MavenProject.seleniumTest" name="uielement" time="0.001"/>
  <testcase classname="MavenProject.seleniumTest" name="uiobject" time="0.001"/>
</testsuite>